# JRE version: OpenJDK Runtime Environment Temurin-21.0.9+10 (21.0.9+10) (build 21.0.9+10-LTS)
# Java VM: OpenJDK 64-Bit Server VM Temurin-21.0.9+10 (21.0.9+10-LTS, mixed mode, sharing, tiered, compressed oops, compressed class ptrs, parallel gc, windows-amd64)
GC Precious Log:
 CardTable entry size: 512
 CPUs: 8 total, 8 available
 Memory: 8035M
 Large Page Support: Disabled
 NUMA Support: Disabled
 Compressed Oops: Enabled (32-bit)
 Alignments: Space 512K, Generation 512K, Heap 2M
 Heap Min Capacity: 100M
 Heap Initial Capacity: 100M
 Heap Max Capacity: 2G
 Pre-touch: Disabled
 Parallel Workers: 8
Heap:
 PSYoungGen      total 3072K, used 1569K [0x00000000d5580000, 0x00000000d5a00000, 0x0000000100000000)
  eden space 2560K, 50% used [0x00000000d5580000,0x00000000d56c3240,0x00000000d5800000)
  from space 512K, 54% used [0x00000000d5900000,0x00000000d5945200,0x00000000d5980000)
  to   space 512K, 0% used [0x00000000d5980000,0x00000000d5980000,0x00000000d5a00000)
 ParOldGen       total 1360384K, used 469688K [0x0000000080000000, 0x00000000d3080000, 0x00000000d5580000)
  object space 1360384K, 34% used [0x0000000080000000,0x000000009caae3c0,0x00000000d3080000)
 Metaspace       used 69287K, committed 70848K, reserved 1114112K
  class space    used 6746K, committed 7488K, reserved 1048576K
GC Heap History (20 events):
Event: 544.692 GC heap before
{Heap before GC invocations=4211 (full 5):
 PSYoungGen      total 3072K, used 2735K [0x00000000d5580000, 0x00000000d5a00000, 0x0000000100000000)
  eden space 2560K, 99% used [0x00000000d5580000,0x00000000d57fbe30,0x00000000d5800000)
  from space 512K, 37% used [0x00000000d5900000,0x00000000d5930000,0x00000000d5980000)
  to   space 512K, 0% used [0x00000000d5980000,0x00000000d5980000,0x00000000d5a00000)
 ParOldGen       total 1360384K, used 466818K [0x0000000080000000, 0x00000000d3080000, 0x00000000d5580000)
  object space 1360384K, 34% used [0x0000000080000000,0x000000009c7e0ae0,0x00000000d3080000)
 Metaspace       used 69071K, committed 70592K, reserved 1114112K
  class space    used 6720K, committed 7424K, reserved 1048576K
}
Event: 544.698 GC heap after
{Heap after GC invocations=4211 (full 5):
 PSYoungGen      total 3072K, used 192K [0x00000000d5580000, 0x00000000d5a00000, 0x0000000100000000)
  eden space 2560K, 0% used [0x00000000d5580000,0x00000000d5580000,0x00000000d5800000)
  from space 512K, 37% used [0x00000000d5980000,0x00000000d59b0000,0x00000000d5a00000)
  to   space 512K, 0% used [0x00000000d5900000,0x00000000d5900000,0x00000000d5980000)
 ParOldGen       total 1360384K, used 466858K [0x0000000080000000, 0x00000000d3080000, 0x00000000d5580000)
  object space 1360384K, 34% used [0x0000000080000000,0x000000009c7eaae0,0x00000000d3080000)
 Metaspace       used 69071K, committed 70592K, reserved 1114112K
  class space    used 6720K, committed 7424K, reserved 1048576K
}
Event: 544.901 GC heap before
{Heap before GC invocations=4212 (full 5):
 PSYoungGen      total 3072K, used 2751K [0x00000000d5580000, 0x00000000d5a00000, 0x0000000100000000)
  eden space 2560K, 99% used [0x00000000d5580000,0x00000000d57fffe0,0x00000000d5800000)
  from space 512K, 37% used [0x00000000d5980000,0x00000000d59b0000,0x00000000d5a00000)
  to   space 512K, 0% used [0x00000000d5900000,0x00000000d5900000,0x00000000d5980000)
 ParOldGen       total 1360384K, used 466858K [0x0000000080000000, 0x00000000d3080000, 0x00000000d5580000)
  object space 1360384K, 34% used [0x0000000080000000,0x000000009c7eaae0,0x00000000d3080000)
 Metaspace       used 69274K, committed 70848K, reserved 1114112K
  class space    used 6746K, committed 7488K, reserved 1048576K
}
Event: 544.914 GC heap after
{Heap after GC invocations=4212 (full 5):
 PSYoungGen      total 3072K, used 192K [0x00000000d5580000, 0x00000000d5a00000, 0x0000000100000000)
  eden space 2560K, 0% used [0x00000000d5580000,0x00000000d5580000,0x00000000d5800000)
  from space 512K, 37% used [0x00000000d5900000,0x00000000d5930000,0x00000000d5980000)
  to   space 512K, 0% used [0x00000000d5980000,0x00000000d5980000,0x00000000d5a00000)
 ParOldGen       total 1360384K, used 467727K [0x0000000080000000, 0x00000000d3080000, 0x00000000d5580000)
  object space 1360384K, 34% used [0x0000000080000000,0x000000009c8c3ff0,0x00000000d3080000)
 Metaspace       used 69274K, committed 70848K, reserved 1114112K
  class space    used 6746K, committed 7488K, reserved 1048576K
}
Event: 545.075 GC heap before
{Heap before GC invocations=4213 (full 5):
 PSYoungGen      total 3072K, used 2752K [0x00000000d5580000, 0x00000000d5a00000, 0x0000000100000000)
  eden space 2560K, 100% used [0x00000000d5580000,0x00000000d5800000,0x00000000d5800000)
  from space 512K, 37% used [0x00000000d5900000,0x00000000d5930000,0x00000000d5980000)
  to   space 512K, 0% used [0x00000000d5980000,0x00000000d5980000,0x00000000d5a00000)
 ParOldGen       total 1360384K, used 467727K [0x0000000080000000, 0x00000000d3080000, 0x00000000d5580000)
  object space 1360384K, 34% used [0x0000000080000000,0x000000009c8c3ff0,0x00000000d3080000)
 Metaspace       used 69284K, committed 70848K, reserved 1114112K
  class space    used 6746K, committed 7488K, reserved 1048576K
}
Event: 545.081 GC heap after
{Heap after GC invocations=4213 (full 5):
 PSYoungGen      total 3072K, used 384K [0x00000000d5580000, 0x00000000d5a00000, 0x0000000100000000)
  eden space 2560K, 0% used [0x00000000d5580000,0x00000000d5580000,0x00000000d5800000)
  from space 512K, 75% used [0x00000000d5980000,0x00000000d59e0020,0x00000000d5a00000)
  to   space 512K, 0% used [0x00000000d5900000,0x00000000d5900000,0x00000000d5980000)
 ParOldGen       total 1360384K, used 467816K [0x0000000080000000, 0x00000000d3080000, 0x00000000d5580000)
  object space 1360384K, 34% used [0x0000000080000000,0x000000009c8da1a0,0x00000000d3080000)
 Metaspace       used 69284K, committed 70848K, reserved 1114112K
  class space    used 6746K, committed 7488K, reserved 1048576K
}
Event: 545.132 GC heap before
{Heap before GC invocations=4214 (full 5):
 PSYoungGen      total 3072K, used 2944K [0x00000000d5580000, 0x00000000d5a00000, 0x0000000100000000)
  eden space 2560K, 100% used [0x00000000d5580000,0x00000000d5800000,0x00000000d5800000)
  from space 512K, 75% used [0x00000000d5980000,0x00000000d59e0020,0x00000000d5a00000)
  to   space 512K, 0% used [0x00000000d5900000,0x00000000d5900000,0x00000000d5980000)
 ParOldGen       total 1360384K, used 467816K [0x0000000080000000, 0x00000000d3080000, 0x00000000d5580000)
  object space 1360384K, 34% used [0x0000000080000000,0x000000009c8da1a0,0x00000000d3080000)
 Metaspace       used 69284K, committed 70848K, reserved 1114112K
  class space    used 6746K, committed 7488K, reserved 1048576K
}
Event: 545.137 GC heap after
{Heap after GC invocations=4214 (full 5):
 PSYoungGen      total 3072K, used 378K [0x00000000d5580000, 0x00000000d5a00000, 0x0000000100000000)
  eden space 2560K, 0% used [0x00000000d5580000,0x00000000d5580000,0x00000000d5800000)
  from space 512K, 73% used [0x00000000d5900000,0x00000000d595e900,0x00000000d5980000)
  to   space 512K, 0% used [0x00000000d5980000,0x00000000d5980000,0x00000000d5a00000)
 ParOldGen       total 1360384K, used 468032K [0x0000000080000000, 0x00000000d3080000, 0x00000000d5580000)
  object space 1360384K, 34% used [0x0000000080000000,0x000000009c9101c0,0x00000000d3080000)
 Metaspace       used 69284K, committed 70848K, reserved 1114112K
  class space    used 6746K, committed 7488K, reserved 1048576K
}
Event: 545.161 GC heap before
{Heap before GC invocations=4215 (full 5):
 PSYoungGen      total 3072K, used 2938K [0x00000000d5580000, 0x00000000d5a00000, 0x0000000100000000)
  eden space 2560K, 100% used [0x00000000d5580000,0x00000000d5800000,0x00000000d5800000)
  from space 512K, 73% used [0x00000000d5900000,0x00000000d595e900,0x00000000d5980000)
  to   space 512K, 0% used [0x00000000d5980000,0x00000000d5980000,0x00000000d5a00000)
 ParOldGen       total 1360384K, used 468032K [0x0000000080000000, 0x00000000d3080000, 0x00000000d5580000)
  object space 1360384K, 34% used [0x0000000080000000,0x000000009c9101c0,0x00000000d3080000)
 Metaspace       used 69285K, committed 70848K, reserved 1114112K
  class space    used 6746K, committed 7488K, reserved 1048576K
}
Event: 545.165 GC heap after
{Heap after GC invocations=4215 (full 5):
 PSYoungGen      total 3072K, used 192K [0x00000000d5580000, 0x00000000d5a00000, 0x0000000100000000)
  eden space 2560K, 0% used [0x00000000d5580000,0x00000000d5580000,0x00000000d5800000)
  from space 512K, 37% used [0x00000000d5980000,0x00000000d59b0000,0x00000000d5a00000)
  to   space 512K, 0% used [0x00000000d5900000,0x00000000d5900000,0x00000000d5980000)
 ParOldGen       total 1360384K, used 468316K [0x0000000080000000, 0x00000000d3080000, 0x00000000d5580000)
  object space 1360384K, 34% used [0x0000000080000000,0x000000009c9573c0,0x00000000d3080000)
 Metaspace       used 69285K, committed 70848K, reserved 1114112K
  class space    used 6746K, committed 7488K, reserved 1048576K
}
Event: 545.397 GC heap before
{Heap before GC invocations=4216 (full 5):
 PSYoungGen      total 3072K, used 2752K [0x00000000d5580000, 0x00000000d5a00000, 0x0000000100000000)
  eden space 2560K, 100% used [0x00000000d5580000,0x00000000d5800000,0x00000000d5800000)
  from space 512K, 37% used [0x00000000d5980000,0x00000000d59b0000,0x00000000d5a00000)
  to   space 512K, 0% used [0x00000000d5900000,0x00000000d5900000,0x00000000d5980000)
 ParOldGen       total 1360384K, used 468316K [0x0000000080000000, 0x00000000d3080000, 0x00000000d5580000)
  object space 1360384K, 34% used [0x0000000080000000,0x000000009c9573c0,0x00000000d3080000)
 Metaspace       used 69285K, committed 70848K, reserved 1114112K
  class space    used 6746K, committed 7488K, reserved 1048576K
}
Event: 545.401 GC heap after
{Heap after GC invocations=4216 (full 5):
 PSYoungGen      total 3072K, used 489K [0x00000000d5580000, 0x00000000d5a00000, 0x0000000100000000)
  eden space 2560K, 0% used [0x00000000d5580000,0x00000000d5580000,0x00000000d5800000)
  from space 512K, 95% used [0x00000000d5900000,0x00000000d597a400,0x00000000d5980000)
  to   space 512K, 0% used [0x00000000d5980000,0x00000000d5980000,0x00000000d5a00000)
 ParOldGen       total 1360384K, used 468468K [0x0000000080000000, 0x00000000d3080000, 0x00000000d5580000)
  object space 1360384K, 34% used [0x0000000080000000,0x000000009c97d3c0,0x00000000d3080000)
 Metaspace       used 69285K, committed 70848K, reserved 1114112K
  class space    used 6746K, committed 7488K, reserved 1048576K
}
Event: 545.434 GC heap before
{Heap before GC invocations=4217 (full 5):
 PSYoungGen      total 3072K, used 3049K [0x00000000d5580000, 0x00000000d5a00000, 0x0000000100000000)
  eden space 2560K, 100% used [0x00000000d5580000,0x00000000d5800000,0x00000000d5800000)
  from space 512K, 95% used [0x00000000d5900000,0x00000000d597a400,0x00000000d5980000)
  to   space 512K, 0% used [0x00000000d5980000,0x00000000d5980000,0x00000000d5a00000)
 ParOldGen       total 1360384K, used 468468K [0x0000000080000000, 0x00000000d3080000, 0x00000000d5580000)
  object space 1360384K, 34% used [0x0000000080000000,0x000000009c97d3c0,0x00000000d3080000)
 Metaspace       used 69287K, committed 70848K, reserved 1114112K
  class space    used 6746K, committed 7488K, reserved 1048576K
}
Event: 545.445 GC heap after
{Heap after GC invocations=4217 (full 5):
 PSYoungGen      total 3072K, used 361K [0x00000000d5580000, 0x00000000d5a00000, 0x0000000100000000)
  eden space 2560K, 0% used [0x00000000d5580000,0x00000000d5580000,0x00000000d5800000)
  from space 512K, 70% used [0x00000000d5980000,0x00000000d59da400,0x00000000d5a00000)
  to   space 512K, 0% used [0x00000000d5900000,0x00000000d5900000,0x00000000d5980000)
 ParOldGen       total 1360384K, used 468789K [0x0000000080000000, 0x00000000d3080000, 0x00000000d5580000)
  object space 1360384K, 34% used [0x0000000080000000,0x000000009c9cd7c0,0x00000000d3080000)
 Metaspace       used 69287K, committed 70848K, reserved 1114112K
  class space    used 6746K, committed 7488K, reserved 1048576K
}
Event: 545.474 GC heap before
{Heap before GC invocations=4218 (full 5):
 PSYoungGen      total 3072K, used 2921K [0x00000000d5580000, 0x00000000d5a00000, 0x0000000100000000)
  eden space 2560K, 100% used [0x00000000d5580000,0x00000000d5800000,0x00000000d5800000)
  from space 512K, 70% used [0x00000000d5980000,0x00000000d59da400,0x00000000d5a00000)
  to   space 512K, 0% used [0x00000000d5900000,0x00000000d5900000,0x00000000d5980000)
 ParOldGen       total 1360384K, used 468789K [0x0000000080000000, 0x00000000d3080000, 0x00000000d5580000)
  object space 1360384K, 34% used [0x0000000080000000,0x000000009c9cd7c0,0x00000000d3080000)
 Metaspace       used 69287K, committed 70848K, reserved 1114112K
  class space    used 6746K, committed 7488K, reserved 1048576K
}
Event: 545.480 GC heap after
{Heap after GC invocations=4218 (full 5):
 PSYoungGen      total 3072K, used 361K [0x00000000d5580000, 0x00000000d5a00000, 0x0000000100000000)
  eden space 2560K, 0% used [0x00000000d5580000,0x00000000d5580000,0x00000000d5800000)
  from space 512K, 70% used [0x00000000d5900000,0x00000000d595a400,0x00000000d5980000)
  to   space 512K, 0% used [0x00000000d5980000,0x00000000d5980000,0x00000000d5a00000)
 ParOldGen       total 1360384K, used 469094K [0x0000000080000000, 0x00000000d3080000, 0x00000000d5580000)
  object space 1360384K, 34% used [0x0000000080000000,0x000000009ca19bc0,0x00000000d3080000)
 Metaspace       used 69287K, committed 70848K, reserved 1114112K
  class space    used 6746K, committed 7488K, reserved 1048576K
}
Event: 545.606 GC heap before
{Heap before GC invocations=4219 (full 5):
 PSYoungGen      total 3072K, used 2921K [0x00000000d5580000, 0x00000000d5a00000, 0x0000000100000000)
  eden space 2560K, 100% used [0x00000000d5580000,0x00000000d5800000,0x00000000d5800000)
  from space 512K, 70% used [0x00000000d5900000,0x00000000d595a400,0x00000000d5980000)
  to   space 512K, 0% used [0x00000000d5980000,0x00000000d5980000,0x00000000d5a00000)
 ParOldGen       total 1360384K, used 469094K [0x0000000080000000, 0x00000000d3080000, 0x00000000d5580000)
  object space 1360384K, 34% used [0x0000000080000000,0x000000009ca19bc0,0x00000000d3080000)
 Metaspace       used 69287K, committed 70848K, reserved 1114112K
  class space    used 6746K, committed 7488K, reserved 1048576K
}
Event: 545.610 GC heap after
{Heap after GC invocations=4219 (full 5):
 PSYoungGen      total 3072K, used 425K [0x00000000d5580000, 0x00000000d5a00000, 0x0000000100000000)
  eden space 2560K, 0% used [0x00000000d5580000,0x00000000d5580000,0x00000000d5800000)
  from space 512K, 83% used [0x00000000d5980000,0x00000000d59ea400,0x00000000d5a00000)
  to   space 512K, 0% used [0x00000000d5900000,0x00000000d5900000,0x00000000d5980000)
 ParOldGen       total 1360384K, used 469391K [0x0000000080000000, 0x00000000d3080000, 0x00000000d5580000)
  object space 1360384K, 34% used [0x0000000080000000,0x000000009ca63fc0,0x00000000d3080000)
 Metaspace       used 69287K, committed 70848K, reserved 1114112K
  class space    used 6746K, committed 7488K, reserved 1048576K
}
Event: 545.643 GC heap before
{Heap before GC invocations=4220 (full 5):
 PSYoungGen      total 3072K, used 2976K [0x00000000d5580000, 0x00000000d5a00000, 0x0000000100000000)
  eden space 2560K, 99% used [0x00000000d5580000,0x00000000d57fde78,0x00000000d5800000)
  from space 512K, 83% used [0x00000000d5980000,0x00000000d59ea400,0x00000000d5a00000)
  to   space 512K, 0% used [0x00000000d5900000,0x00000000d5900000,0x00000000d5980000)
 ParOldGen       total 1360384K, used 469391K [0x0000000080000000, 0x00000000d3080000, 0x00000000d5580000)
  object space 1360384K, 34% used [0x0000000080000000,0x000000009ca63fc0,0x00000000d3080000)
 Metaspace       used 69287K, committed 70848K, reserved 1114112K
  class space    used 6746K, committed 7488K, reserved 1048576K
}
Event: 545.649 GC heap after
{Heap after GC invocations=4220 (full 5):
 PSYoungGen      total 3072K, used 276K [0x00000000d5580000, 0x00000000d5a00000, 0x0000000100000000)
  eden space 2560K, 0% used [0x00000000d5580000,0x00000000d5580000,0x00000000d5800000)
  from space 512K, 54% used [0x00000000d5900000,0x00000000d5945200,0x00000000d5980000)
  to   space 512K, 0% used [0x00000000d5980000,0x00000000d5980000,0x00000000d5a00000)
 ParOldGen       total 1360384K, used 469688K [0x0000000080000000, 0x00000000d3080000, 0x00000000d5580000)
  object space 1360384K, 34% used [0x0000000080000000,0x000000009caae3c0,0x00000000d3080000)
 Metaspace       used 69287K, committed 70848K, reserved 1114112K
  class space    used 6746K, committed 7488K, reserved 1048576K
}

