# JRE version: OpenJDK Runtime Environment Temurin-21.0.9+10 (21.0.9+10) (build 21.0.9+10-LTS)
# Java VM: OpenJDK 64-Bit Server VM Temurin-21.0.9+10 (21.0.9+10-LTS, mixed mode, sharing, tiered, compressed oops, compressed class ptrs, parallel gc, windows-amd64)
GC Precious Log:
 CardTable entry size: 512
 CPUs: 8 total, 8 available
 Memory: 8035M
 Large Page Support: Disabled
 NUMA Support: Disabled
 Compressed Oops: Enabled (32-bit)
 Alignments: Space 512K, Generation 512K, Heap 2M
 Heap Min Capacity: 100M
 Heap Initial Capacity: 100M
 Heap Max Capacity: 2G
 Pre-touch: Disabled
 Parallel Workers: 8
Heap:
 PSYoungGen      total 2048K, used 2010K [0x00000000d5580000, 0x00000000d5900000, 0x0000000100000000)
  eden space 1536K, 98% used [0x00000000d5580000,0x00000000d56faa48,0x00000000d5700000)
  from space 512K, 96% used [0x00000000d5800000,0x00000000d587c180,0x00000000d5880000)
  to   space 1024K, 0% used [0x00000000d5700000,0x00000000d5700000,0x00000000d5800000)
 ParOldGen       total 1163264K, used 458532K [0x0000000080000000, 0x00000000c7000000, 0x00000000d5580000)
  object space 1163264K, 39% used [0x0000000080000000,0x000000009bfc9110,0x00000000c7000000)
 Metaspace       used 182385K, committed 184640K, reserved 1245184K
  class space    used 23569K, committed 24640K, reserved 1048576K
GC Heap History (20 events):
Event: 378.558 GC heap before
{Heap before GC invocations=2839 (full 7):
 PSYoungGen      total 1536K, used 1248K [0x00000000d5580000, 0x00000000d5880000, 0x0000000100000000)
  eden space 1024K, 100% used [0x00000000d5580000,0x00000000d5680000,0x00000000d5680000)
  from space 512K, 43% used [0x00000000d5780000,0x00000000d57b8000,0x00000000d5800000)
  to   space 512K, 0% used [0x00000000d5800000,0x00000000d5800000,0x00000000d5880000)
 ParOldGen       total 1163264K, used 452084K [0x0000000080000000, 0x00000000c7000000, 0x00000000d5580000)
  object space 1163264K, 38% used [0x0000000080000000,0x000000009b97d280,0x00000000c7000000)
 Metaspace       used 180890K, committed 183168K, reserved 1245184K
  class space    used 23375K, committed 24448K, reserved 1048576K
}
Event: 378.560 GC heap after
{Heap after GC invocations=2839 (full 7):
 PSYoungGen      total 1536K, used 224K [0x00000000d5580000, 0x00000000d5880000, 0x0000000100000000)
  eden space 1024K, 0% used [0x00000000d5580000,0x00000000d5580000,0x00000000d5680000)
  from space 512K, 43% used [0x00000000d5800000,0x00000000d5838000,0x00000000d5880000)
  to   space 512K, 0% used [0x00000000d5780000,0x00000000d5780000,0x00000000d5800000)
 ParOldGen       total 1163264K, used 452148K [0x0000000080000000, 0x00000000c7000000, 0x00000000d5580000)
  object space 1163264K, 38% used [0x0000000080000000,0x000000009b98d280,0x00000000c7000000)
 Metaspace       used 180890K, committed 183168K, reserved 1245184K
  class space    used 23375K, committed 24448K, reserved 1048576K
}
Event: 378.579 GC heap before
{Heap before GC invocations=2840 (full 7):
 PSYoungGen      total 1536K, used 1248K [0x00000000d5580000, 0x00000000d5880000, 0x0000000100000000)
  eden space 1024K, 100% used [0x00000000d5580000,0x00000000d5680000,0x00000000d5680000)
  from space 512K, 43% used [0x00000000d5800000,0x00000000d5838000,0x00000000d5880000)
  to   space 512K, 0% used [0x00000000d5780000,0x00000000d5780000,0x00000000d5800000)
 ParOldGen       total 1163264K, used 452148K [0x0000000080000000, 0x00000000c7000000, 0x00000000d5580000)
  object space 1163264K, 38% used [0x0000000080000000,0x000000009b98d280,0x00000000c7000000)
 Metaspace       used 180995K, committed 183232K, reserved 1245184K
  class space    used 23395K, committed 24448K, reserved 1048576K
}
Event: 378.592 GC heap after
{Heap after GC invocations=2840 (full 7):
 PSYoungGen      total 2048K, used 256K [0x00000000d5580000, 0x00000000d5880000, 0x0000000100000000)
  eden space 1536K, 0% used [0x00000000d5580000,0x00000000d5580000,0x00000000d5700000)
  from space 512K, 50% used [0x00000000d5780000,0x00000000d57c0000,0x00000000d5800000)
  to   space 512K, 0% used [0x00000000d5800000,0x00000000d5800000,0x00000000d5880000)
 ParOldGen       total 1163264K, used 452220K [0x0000000080000000, 0x00000000c7000000, 0x00000000d5580000)
  object space 1163264K, 38% used [0x0000000080000000,0x000000009b99f280,0x00000000c7000000)
 Metaspace       used 180995K, committed 183232K, reserved 1245184K
  class space    used 23395K, committed 24448K, reserved 1048576K
}
Event: 378.703 GC heap before
{Heap before GC invocations=2841 (full 7):
 PSYoungGen      total 2048K, used 1792K [0x00000000d5580000, 0x00000000d5880000, 0x0000000100000000)
  eden space 1536K, 100% used [0x00000000d5580000,0x00000000d5700000,0x00000000d5700000)
  from space 512K, 50% used [0x00000000d5780000,0x00000000d57c0000,0x00000000d5800000)
  to   space 512K, 0% used [0x00000000d5800000,0x00000000d5800000,0x00000000d5880000)
 ParOldGen       total 1163264K, used 452220K [0x0000000080000000, 0x00000000c7000000, 0x00000000d5580000)
  object space 1163264K, 38% used [0x0000000080000000,0x000000009b99f280,0x00000000c7000000)
 Metaspace       used 181294K, committed 183552K, reserved 1245184K
  class space    used 23463K, committed 24512K, reserved 1048576K
}
Event: 378.706 GC heap after
{Heap after GC invocations=2841 (full 7):
 PSYoungGen      total 2048K, used 256K [0x00000000d5580000, 0x00000000d5880000, 0x0000000100000000)
  eden space 1536K, 0% used [0x00000000d5580000,0x00000000d5580000,0x00000000d5700000)
  from space 512K, 50% used [0x00000000d5800000,0x00000000d5840000,0x00000000d5880000)
  to   space 512K, 0% used [0x00000000d5780000,0x00000000d5780000,0x00000000d5800000)
 ParOldGen       total 1163264K, used 452364K [0x0000000080000000, 0x00000000c7000000, 0x00000000d5580000)
  object space 1163264K, 38% used [0x0000000080000000,0x000000009b9c3280,0x00000000c7000000)
 Metaspace       used 181294K, committed 183552K, reserved 1245184K
  class space    used 23463K, committed 24512K, reserved 1048576K
}
Event: 378.780 GC heap before
{Heap before GC invocations=2842 (full 7):
 PSYoungGen      total 2048K, used 1791K [0x00000000d5580000, 0x00000000d5880000, 0x0000000100000000)
  eden space 1536K, 99% used [0x00000000d5580000,0x00000000d56ffff8,0x00000000d5700000)
  from space 512K, 50% used [0x00000000d5800000,0x00000000d5840000,0x00000000d5880000)
  to   space 512K, 0% used [0x00000000d5780000,0x00000000d5780000,0x00000000d5800000)
 ParOldGen       total 1163264K, used 452364K [0x0000000080000000, 0x00000000c7000000, 0x00000000d5580000)
  object space 1163264K, 38% used [0x0000000080000000,0x000000009b9c3280,0x00000000c7000000)
 Metaspace       used 181564K, committed 183808K, reserved 1245184K
  class space    used 23477K, committed 24512K, reserved 1048576K
}
Event: 378.782 GC heap after
{Heap after GC invocations=2842 (full 7):
 PSYoungGen      total 2048K, used 192K [0x00000000d5580000, 0x00000000d5880000, 0x0000000100000000)
  eden space 1536K, 0% used [0x00000000d5580000,0x00000000d5580000,0x00000000d5700000)
  from space 512K, 37% used [0x00000000d5780000,0x00000000d57b0000,0x00000000d5800000)
  to   space 512K, 0% used [0x00000000d5800000,0x00000000d5800000,0x00000000d5880000)
 ParOldGen       total 1163264K, used 452476K [0x0000000080000000, 0x00000000c7000000, 0x00000000d5580000)
  object space 1163264K, 38% used [0x0000000080000000,0x000000009b9df280,0x00000000c7000000)
 Metaspace       used 181564K, committed 183808K, reserved 1245184K
  class space    used 23477K, committed 24512K, reserved 1048576K
}
Event: 378.857 GC heap before
{Heap before GC invocations=2843 (full 7):
 PSYoungGen      total 2048K, used 1728K [0x00000000d5580000, 0x00000000d5880000, 0x0000000100000000)
  eden space 1536K, 100% used [0x00000000d5580000,0x00000000d5700000,0x00000000d5700000)
  from space 512K, 37% used [0x00000000d5780000,0x00000000d57b0000,0x00000000d5800000)
  to   space 512K, 0% used [0x00000000d5800000,0x00000000d5800000,0x00000000d5880000)
 ParOldGen       total 1163264K, used 452476K [0x0000000080000000, 0x00000000c7000000, 0x00000000d5580000)
  object space 1163264K, 38% used [0x0000000080000000,0x000000009b9df280,0x00000000c7000000)
 Metaspace       used 181791K, committed 184064K, reserved 1245184K
  class space    used 23495K, committed 24576K, reserved 1048576K
}
Event: 378.859 GC heap after
{Heap after GC invocations=2843 (full 7):
 PSYoungGen      total 2048K, used 224K [0x00000000d5580000, 0x00000000d5880000, 0x0000000100000000)
  eden space 1536K, 0% used [0x00000000d5580000,0x00000000d5580000,0x00000000d5700000)
  from space 512K, 43% used [0x00000000d5800000,0x00000000d5838000,0x00000000d5880000)
  to   space 512K, 0% used [0x00000000d5780000,0x00000000d5780000,0x00000000d5800000)
 ParOldGen       total 1163264K, used 452532K [0x0000000080000000, 0x00000000c7000000, 0x00000000d5580000)
  object space 1163264K, 38% used [0x0000000080000000,0x000000009b9ed280,0x00000000c7000000)
 Metaspace       used 181791K, committed 184064K, reserved 1245184K
  class space    used 23495K, committed 24576K, reserved 1048576K
}
Event: 378.931 GC heap before
{Heap before GC invocations=2844 (full 7):
 PSYoungGen      total 2048K, used 1760K [0x00000000d5580000, 0x00000000d5880000, 0x0000000100000000)
  eden space 1536K, 100% used [0x00000000d5580000,0x00000000d5700000,0x00000000d5700000)
  from space 512K, 43% used [0x00000000d5800000,0x00000000d5838000,0x00000000d5880000)
  to   space 512K, 0% used [0x00000000d5780000,0x00000000d5780000,0x00000000d5800000)
 ParOldGen       total 1163264K, used 452532K [0x0000000080000000, 0x00000000c7000000, 0x00000000d5580000)
  object space 1163264K, 38% used [0x0000000080000000,0x000000009b9ed280,0x00000000c7000000)
 Metaspace       used 182198K, committed 184448K, reserved 1245184K
  class space    used 23535K, committed 24576K, reserved 1048576K
}
Event: 378.934 GC heap after
{Heap after GC invocations=2844 (full 7):
 PSYoungGen      total 2048K, used 224K [0x00000000d5580000, 0x00000000d5880000, 0x0000000100000000)
  eden space 1536K, 0% used [0x00000000d5580000,0x00000000d5580000,0x00000000d5700000)
  from space 512K, 43% used [0x00000000d5780000,0x00000000d57b8000,0x00000000d5800000)
  to   space 512K, 0% used [0x00000000d5800000,0x00000000d5800000,0x00000000d5880000)
 ParOldGen       total 1163264K, used 452614K [0x0000000080000000, 0x00000000c7000000, 0x00000000d5580000)
  object space 1163264K, 38% used [0x0000000080000000,0x000000009ba01810,0x00000000c7000000)
 Metaspace       used 182198K, committed 184448K, reserved 1245184K
  class space    used 23535K, committed 24576K, reserved 1048576K
}
Event: 379.013 GC heap before
{Heap before GC invocations=2845 (full 7):
 PSYoungGen      total 2048K, used 1760K [0x00000000d5580000, 0x00000000d5880000, 0x0000000100000000)
  eden space 1536K, 100% used [0x00000000d5580000,0x00000000d5700000,0x00000000d5700000)
  from space 512K, 43% used [0x00000000d5780000,0x00000000d57b8000,0x00000000d5800000)
  to   space 512K, 0% used [0x00000000d5800000,0x00000000d5800000,0x00000000d5880000)
 ParOldGen       total 1163264K, used 452614K [0x0000000080000000, 0x00000000c7000000, 0x00000000d5580000)
  object space 1163264K, 38% used [0x0000000080000000,0x000000009ba01810,0x00000000c7000000)
 Metaspace       used 182381K, committed 184640K, reserved 1245184K
  class space    used 23569K, committed 24640K, reserved 1048576K
}
Event: 379.015 GC heap after
{Heap after GC invocations=2845 (full 7):
 PSYoungGen      total 2048K, used 512K [0x00000000d5580000, 0x00000000d5900000, 0x0000000100000000)
  eden space 1536K, 0% used [0x00000000d5580000,0x00000000d5580000,0x00000000d5700000)
  from space 512K, 100% used [0x00000000d5800000,0x00000000d5880000,0x00000000d5880000)
  to   space 1024K, 0% used [0x00000000d5700000,0x00000000d5700000,0x00000000d5800000)
 ParOldGen       total 1163264K, used 452726K [0x0000000080000000, 0x00000000c7000000, 0x00000000d5580000)
  object space 1163264K, 38% used [0x0000000080000000,0x000000009ba1d820,0x00000000c7000000)
 Metaspace       used 182381K, committed 184640K, reserved 1245184K
  class space    used 23569K, committed 24640K, reserved 1048576K
}
Event: 379.039 GC heap before
{Heap before GC invocations=2846 (full 7):
 PSYoungGen      total 2048K, used 2048K [0x00000000d5580000, 0x00000000d5900000, 0x0000000100000000)
  eden space 1536K, 100% used [0x00000000d5580000,0x00000000d5700000,0x00000000d5700000)
  from space 512K, 100% used [0x00000000d5800000,0x00000000d5880000,0x00000000d5880000)
  to   space 1024K, 0% used [0x00000000d5700000,0x00000000d5700000,0x00000000d5800000)
 ParOldGen       total 1163264K, used 452726K [0x0000000080000000, 0x00000000c7000000, 0x00000000d5580000)
  object space 1163264K, 38% used [0x0000000080000000,0x000000009ba1d820,0x00000000c7000000)
 Metaspace       used 182381K, committed 184640K, reserved 1245184K
  class space    used 23569K, committed 24640K, reserved 1048576K
}
Event: 379.053 GC heap after
{Heap after GC invocations=2846 (full 7):
 PSYoungGen      total 2560K, used 288K [0x00000000d5580000, 0x00000000d5880000, 0x0000000100000000)
  eden space 1536K, 0% used [0x00000000d5580000,0x00000000d5580000,0x00000000d5700000)
  from space 1024K, 28% used [0x00000000d5700000,0x00000000d5748000,0x00000000d5800000)
  to   space 512K, 0% used [0x00000000d5800000,0x00000000d5800000,0x00000000d5880000)
 ParOldGen       total 1163264K, used 453062K [0x0000000080000000, 0x00000000c7000000, 0x00000000d5580000)
  object space 1163264K, 38% used [0x0000000080000000,0x000000009ba71820,0x00000000c7000000)
 Metaspace       used 182381K, committed 184640K, reserved 1245184K
  class space    used 23569K, committed 24640K, reserved 1048576K
}
Event: 379.083 GC heap before
{Heap before GC invocations=2847 (full 7):
 PSYoungGen      total 2560K, used 1824K [0x00000000d5580000, 0x00000000d5880000, 0x0000000100000000)
  eden space 1536K, 100% used [0x00000000d5580000,0x00000000d5700000,0x00000000d5700000)
  from space 1024K, 28% used [0x00000000d5700000,0x00000000d5748000,0x00000000d5800000)
  to   space 512K, 0% used [0x00000000d5800000,0x00000000d5800000,0x00000000d5880000)
 ParOldGen       total 1163264K, used 453062K [0x0000000080000000, 0x00000000c7000000, 0x00000000d5580000)
  object space 1163264K, 38% used [0x0000000080000000,0x000000009ba71820,0x00000000c7000000)
 Metaspace       used 182381K, committed 184640K, reserved 1245184K
  class space    used 23569K, committed 24640K, reserved 1048576K
}
Event: 379.086 GC heap after
{Heap after GC invocations=2847 (full 7):
 PSYoungGen      total 2048K, used 192K [0x00000000d5580000, 0x00000000d5880000, 0x0000000100000000)
  eden space 1536K, 0% used [0x00000000d5580000,0x00000000d5580000,0x00000000d5700000)
  from space 512K, 37% used [0x00000000d5800000,0x00000000d5830000,0x00000000d5880000)
  to   space 512K, 0% used [0x00000000d5780000,0x00000000d5780000,0x00000000d5800000)
 ParOldGen       total 1163264K, used 453244K [0x0000000080000000, 0x00000000c7000000, 0x00000000d5580000)
  object space 1163264K, 38% used [0x0000000080000000,0x000000009ba9f2f0,0x00000000c7000000)
 Metaspace       used 182381K, committed 184640K, reserved 1245184K
  class space    used 23569K, committed 24640K, reserved 1048576K
}
Event: 379.140 GC heap before
{Heap before GC invocations=2848 (full 7):
 PSYoungGen      total 2048K, used 1728K [0x00000000d5580000, 0x00000000d5880000, 0x0000000100000000)
  eden space 1536K, 100% used [0x00000000d5580000,0x00000000d5700000,0x00000000d5700000)
  from space 512K, 37% used [0x00000000d5800000,0x00000000d5830000,0x00000000d5880000)
  to   space 512K, 0% used [0x00000000d5780000,0x00000000d5780000,0x00000000d5800000)
 ParOldGen       total 1163264K, used 453244K [0x0000000080000000, 0x00000000c7000000, 0x00000000d5580000)
  object space 1163264K, 38% used [0x0000000080000000,0x000000009ba9f2f0,0x00000000c7000000)
 Metaspace       used 182381K, committed 184640K, reserved 1245184K
  class space    used 23569K, committed 24640K, reserved 1048576K
}
Event: 379.142 GC heap after
{Heap after GC invocations=2848 (full 7):
 PSYoungGen      total 2048K, used 304K [0x00000000d5580000, 0x00000000d5880000, 0x0000000100000000)
  eden space 1536K, 0% used [0x00000000d5580000,0x00000000d5580000,0x00000000d5700000)
  from space 512K, 59% used [0x00000000d5780000,0x00000000d57cc010,0x00000000d5800000)
  to   space 512K, 0% used [0x00000000d5800000,0x00000000d5800000,0x00000000d5880000)
 ParOldGen       total 1163264K, used 453436K [0x0000000080000000, 0x00000000c7000000, 0x00000000d5580000)
  object space 1163264K, 38% used [0x0000000080000000,0x000000009bacf2f0,0x00000000c7000000)
 Metaspace       used 182381K, committed 184640K, reserved 1245184K
  class space    used 23569K, committed 24640K, reserved 1048576K
}

