# JRE version: OpenJDK Runtime Environment Temurin-21.0.9+10 (21.0.9+10) (build 21.0.9+10-LTS)
# Java VM: OpenJDK 64-Bit Server VM Temurin-21.0.9+10 (21.0.9+10-LTS, mixed mode, sharing, tiered, compressed oops, compressed class ptrs, parallel gc, windows-amd64)
GC Precious Log:
 CardTable entry size: 512
 CPUs: 8 total, 8 available
 Memory: 8035M
 Large Page Support: Disabled
 NUMA Support: Disabled
 Compressed Oops: Enabled (32-bit)
 Alignments: Space 512K, Generation 512K, Heap 2M
 Heap Min Capacity: 100M
 Heap Initial Capacity: 100M
 Heap Max Capacity: 2G
 Pre-touch: Disabled
 Parallel Workers: 8
Heap:
 PSYoungGen      total 106496K, used 75495K [0x00000000d5580000, 0x00000000dec00000, 0x0000000100000000)
  eden space 89600K, 82% used [0x00000000d5580000,0x00000000d9e06ae0,0x00000000dad00000)
  from space 16896K, 7% used [0x00000000dcb80000,0x00000000dccb3510,0x00000000ddc00000)
  to   space 6144K, 0% used [0x00000000de600000,0x00000000de600000,0x00000000dec00000)
 ParOldGen       total 1195008K, used 79298K [0x0000000080000000, 0x00000000c8f00000, 0x00000000d5580000)
  object space 1195008K, 6% used [0x0000000080000000,0x0000000084d70af8,0x00000000c8f00000)
 Metaspace       used 73672K, committed 75264K, reserved 1179648K
  class space    used 9163K, committed 9920K, reserved 1048576K
GC Heap History (20 events):
Event: 24.950 GC heap before
{Heap before GC invocations=123 (full 2):
 PSYoungGen      total 124928K, used 50950K [0x00000000d5580000, 0x00000000dfd00000, 0x0000000100000000)
  eden space 122368K, 39% used [0x00000000d5580000,0x00000000d84c2b88,0x00000000dcd00000)
  from space 2560K, 99% used [0x00000000df800000,0x00000000dfa7ed38,0x00000000dfa80000)
  to   space 24576K, 0% used [0x00000000dcd00000,0x00000000dcd00000,0x00000000de500000)
 ParOldGen       total 1195008K, used 60787K [0x0000000080000000, 0x00000000c8f00000, 0x00000000d5580000)
  object space 1195008K, 5% used [0x0000000080000000,0x0000000083b5cf30,0x00000000c8f00000)
 Metaspace       used 58574K, committed 59776K, reserved 1114112K
  class space    used 6680K, committed 7296K, reserved 1048576K
}
Event: 24.955 GC heap after
{Heap after GC invocations=123 (full 2):
 PSYoungGen      total 146944K, used 1120K [0x00000000d5580000, 0x00000000df880000, 0x0000000100000000)
  eden space 122368K, 0% used [0x00000000d5580000,0x00000000d5580000,0x00000000dcd00000)
  from space 24576K, 4% used [0x00000000dcd00000,0x00000000dce18000,0x00000000de500000)
  to   space 9216K, 0% used [0x00000000def80000,0x00000000def80000,0x00000000df880000)
 ParOldGen       total 1195008K, used 63267K [0x0000000080000000, 0x00000000c8f00000, 0x00000000d5580000)
  object space 1195008K, 5% used [0x0000000080000000,0x0000000083dc8f80,0x00000000c8f00000)
 Metaspace       used 58574K, committed 59776K, reserved 1114112K
  class space    used 6680K, committed 7296K, reserved 1048576K
}
Event: 24.955 GC heap before
{Heap before GC invocations=124 (full 3):
 PSYoungGen      total 146944K, used 1120K [0x00000000d5580000, 0x00000000df880000, 0x0000000100000000)
  eden space 122368K, 0% used [0x00000000d5580000,0x00000000d5580000,0x00000000dcd00000)
  from space 24576K, 4% used [0x00000000dcd00000,0x00000000dce18000,0x00000000de500000)
  to   space 9216K, 0% used [0x00000000def80000,0x00000000def80000,0x00000000df880000)
 ParOldGen       total 1195008K, used 63267K [0x0000000080000000, 0x00000000c8f00000, 0x00000000d5580000)
  object space 1195008K, 5% used [0x0000000080000000,0x0000000083dc8f80,0x00000000c8f00000)
 Metaspace       used 58574K, committed 59776K, reserved 1114112K
  class space    used 6680K, committed 7296K, reserved 1048576K
}
Event: 25.088 GC heap after
{Heap after GC invocations=124 (full 3):
 PSYoungGen      total 146944K, used 0K [0x00000000d5580000, 0x00000000df880000, 0x0000000100000000)
  eden space 122368K, 0% used [0x00000000d5580000,0x00000000d5580000,0x00000000dcd00000)
  from space 24576K, 0% used [0x00000000dcd00000,0x00000000dcd00000,0x00000000de500000)
  to   space 9216K, 0% used [0x00000000def80000,0x00000000def80000,0x00000000df880000)
 ParOldGen       total 1195008K, used 56802K [0x0000000080000000, 0x00000000c8f00000, 0x00000000d5580000)
  object space 1195008K, 4% used [0x0000000080000000,0x0000000083778b40,0x00000000c8f00000)
 Metaspace       used 58574K, committed 59776K, reserved 1114112K
  class space    used 6680K, committed 7296K, reserved 1048576K
}
Event: 28.055 GC heap before
{Heap before GC invocations=125 (full 3):
 PSYoungGen      total 146944K, used 122368K [0x00000000d5580000, 0x00000000df880000, 0x0000000100000000)
  eden space 122368K, 100% used [0x00000000d5580000,0x00000000dcd00000,0x00000000dcd00000)
  from space 24576K, 0% used [0x00000000dcd00000,0x00000000dcd00000,0x00000000de500000)
  to   space 9216K, 0% used [0x00000000def80000,0x00000000def80000,0x00000000df880000)
 ParOldGen       total 1195008K, used 56802K [0x0000000080000000, 0x00000000c8f00000, 0x00000000d5580000)
  object space 1195008K, 4% used [0x0000000080000000,0x0000000083778b40,0x00000000c8f00000)
 Metaspace       used 62792K, committed 64128K, reserved 1114112K
  class space    used 7365K, committed 8000K, reserved 1048576K
}
Event: 28.062 GC heap after
{Heap after GC invocations=125 (full 3):
 PSYoungGen      total 124416K, used 6552K [0x00000000d5580000, 0x00000000df600000, 0x0000000100000000)
  eden space 117760K, 0% used [0x00000000d5580000,0x00000000d5580000,0x00000000dc880000)
  from space 6656K, 98% used [0x00000000def80000,0x00000000df5e60e8,0x00000000df600000)
  to   space 8192K, 0% used [0x00000000de600000,0x00000000de600000,0x00000000dee00000)
 ParOldGen       total 1195008K, used 56810K [0x0000000080000000, 0x00000000c8f00000, 0x00000000d5580000)
  object space 1195008K, 4% used [0x0000000080000000,0x000000008377ab40,0x00000000c8f00000)
 Metaspace       used 62792K, committed 64128K, reserved 1114112K
  class space    used 7365K, committed 8000K, reserved 1048576K
}
Event: 33.145 GC heap before
{Heap before GC invocations=126 (full 3):
 PSYoungGen      total 124416K, used 124312K [0x00000000d5580000, 0x00000000df600000, 0x0000000100000000)
  eden space 117760K, 100% used [0x00000000d5580000,0x00000000dc880000,0x00000000dc880000)
  from space 6656K, 98% used [0x00000000def80000,0x00000000df5e60e8,0x00000000df600000)
  to   space 8192K, 0% used [0x00000000de600000,0x00000000de600000,0x00000000dee00000)
 ParOldGen       total 1195008K, used 56810K [0x0000000080000000, 0x00000000c8f00000, 0x00000000d5580000)
  object space 1195008K, 4% used [0x0000000080000000,0x000000008377ab40,0x00000000c8f00000)
 Metaspace       used 63085K, committed 64448K, reserved 1114112K
  class space    used 7379K, committed 8000K, reserved 1048576K
}
Event: 33.150 GC heap after
{Heap after GC invocations=126 (full 3):
 PSYoungGen      total 115200K, used 1568K [0x00000000d5580000, 0x00000000df000000, 0x0000000100000000)
  eden space 113152K, 0% used [0x00000000d5580000,0x00000000d5580000,0x00000000dc400000)
  from space 2048K, 76% used [0x00000000de600000,0x00000000de788000,0x00000000de800000)
  to   space 3584K, 0% used [0x00000000dec80000,0x00000000dec80000,0x00000000df000000)
 ParOldGen       total 1195008K, used 62889K [0x0000000080000000, 0x00000000c8f00000, 0x00000000d5580000)
  object space 1195008K, 5% used [0x0000000080000000,0x0000000083d6a4e0,0x00000000c8f00000)
 Metaspace       used 63085K, committed 64448K, reserved 1114112K
  class space    used 7379K, committed 8000K, reserved 1048576K
}
Event: 36.504 GC heap before
{Heap before GC invocations=127 (full 3):
 PSYoungGen      total 115200K, used 114720K [0x00000000d5580000, 0x00000000df000000, 0x0000000100000000)
  eden space 113152K, 100% used [0x00000000d5580000,0x00000000dc400000,0x00000000dc400000)
  from space 2048K, 76% used [0x00000000de600000,0x00000000de788000,0x00000000de800000)
  to   space 3584K, 0% used [0x00000000dec80000,0x00000000dec80000,0x00000000df000000)
 ParOldGen       total 1195008K, used 62889K [0x0000000080000000, 0x00000000c8f00000, 0x00000000d5580000)
  object space 1195008K, 5% used [0x0000000080000000,0x0000000083d6a4e0,0x00000000c8f00000)
 Metaspace       used 67906K, committed 69248K, reserved 1114112K
  class space    used 8375K, committed 9024K, reserved 1048576K
}
Event: 36.507 GC heap after
{Heap after GC invocations=127 (full 3):
 PSYoungGen      total 110080K, used 1066K [0x00000000d5580000, 0x00000000dee00000, 0x0000000100000000)
  eden space 108544K, 0% used [0x00000000d5580000,0x00000000d5580000,0x00000000dbf80000)
  from space 1536K, 69% used [0x00000000dec80000,0x00000000ded8aa50,0x00000000dee00000)
  to   space 2048K, 0% used [0x00000000dea00000,0x00000000dea00000,0x00000000dec00000)
 ParOldGen       total 1195008K, used 63638K [0x0000000080000000, 0x00000000c8f00000, 0x00000000d5580000)
  object space 1195008K, 5% used [0x0000000080000000,0x0000000083e25a28,0x00000000c8f00000)
 Metaspace       used 67906K, committed 69248K, reserved 1114112K
  class space    used 8375K, committed 9024K, reserved 1048576K
}
Event: 37.783 GC heap before
{Heap before GC invocations=128 (full 3):
 PSYoungGen      total 110080K, used 109610K [0x00000000d5580000, 0x00000000dee00000, 0x0000000100000000)
  eden space 108544K, 100% used [0x00000000d5580000,0x00000000dbf80000,0x00000000dbf80000)
  from space 1536K, 69% used [0x00000000dec80000,0x00000000ded8aa50,0x00000000dee00000)
  to   space 2048K, 0% used [0x00000000dea00000,0x00000000dea00000,0x00000000dec00000)
 ParOldGen       total 1195008K, used 63638K [0x0000000080000000, 0x00000000c8f00000, 0x00000000d5580000)
  object space 1195008K, 5% used [0x0000000080000000,0x0000000083e25a28,0x00000000c8f00000)
 Metaspace       used 68996K, committed 70400K, reserved 1114112K
  class space    used 8535K, committed 9152K, reserved 1048576K
}
Event: 37.785 GC heap after
{Heap after GC invocations=128 (full 3):
 PSYoungGen      total 106496K, used 821K [0x00000000d5580000, 0x00000000ded00000, 0x0000000100000000)
  eden space 104448K, 0% used [0x00000000d5580000,0x00000000d5580000,0x00000000dbb80000)
  from space 2048K, 40% used [0x00000000dea00000,0x00000000deacd780,0x00000000dec00000)
  to   space 1024K, 0% used [0x00000000dec00000,0x00000000dec00000,0x00000000ded00000)
 ParOldGen       total 1195008K, used 64090K [0x0000000080000000, 0x00000000c8f00000, 0x00000000d5580000)
  object space 1195008K, 5% used [0x0000000080000000,0x0000000083e96b68,0x00000000c8f00000)
 Metaspace       used 68996K, committed 70400K, reserved 1114112K
  class space    used 8535K, committed 9152K, reserved 1048576K
}
Event: 61.270 GC heap before
{Heap before GC invocations=129 (full 3):
 PSYoungGen      total 106496K, used 105269K [0x00000000d5580000, 0x00000000ded00000, 0x0000000100000000)
  eden space 104448K, 100% used [0x00000000d5580000,0x00000000dbb80000,0x00000000dbb80000)
  from space 2048K, 40% used [0x00000000dea00000,0x00000000deacd780,0x00000000dec00000)
  to   space 1024K, 0% used [0x00000000dec00000,0x00000000dec00000,0x00000000ded00000)
 ParOldGen       total 1195008K, used 64090K [0x0000000080000000, 0x00000000c8f00000, 0x00000000d5580000)
  object space 1195008K, 5% used [0x0000000080000000,0x0000000083e96b68,0x00000000c8f00000)
 Metaspace       used 71882K, committed 73344K, reserved 1114112K
  class space    used 8954K, committed 9664K, reserved 1048576K
}
Event: 61.275 GC heap after
{Heap after GC invocations=129 (full 3):
 PSYoungGen      total 101376K, used 992K [0x00000000d5580000, 0x00000000ded00000, 0x0000000100000000)
  eden space 100352K, 0% used [0x00000000d5580000,0x00000000d5580000,0x00000000db780000)
  from space 1024K, 96% used [0x00000000dec00000,0x00000000decf8030,0x00000000ded00000)
  to   space 1536K, 0% used [0x00000000dea00000,0x00000000dea00000,0x00000000deb80000)
 ParOldGen       total 1195008K, used 64317K [0x0000000080000000, 0x00000000c8f00000, 0x00000000d5580000)
  object space 1195008K, 5% used [0x0000000080000000,0x0000000083ecf6d8,0x00000000c8f00000)
 Metaspace       used 71882K, committed 73344K, reserved 1114112K
  class space    used 8954K, committed 9664K, reserved 1048576K
}
Event: 64.768 GC heap before
{Heap before GC invocations=130 (full 3):
 PSYoungGen      total 101376K, used 101344K [0x00000000d5580000, 0x00000000ded00000, 0x0000000100000000)
  eden space 100352K, 100% used [0x00000000d5580000,0x00000000db780000,0x00000000db780000)
  from space 1024K, 96% used [0x00000000dec00000,0x00000000decf8030,0x00000000ded00000)
  to   space 1536K, 0% used [0x00000000dea00000,0x00000000dea00000,0x00000000deb80000)
 ParOldGen       total 1195008K, used 64317K [0x0000000080000000, 0x00000000c8f00000, 0x00000000d5580000)
  object space 1195008K, 5% used [0x0000000080000000,0x0000000083ecf6d8,0x00000000c8f00000)
 Metaspace       used 71942K, committed 73472K, reserved 1114112K
  class space    used 8961K, committed 9664K, reserved 1048576K
}
Event: 64.778 GC heap after
{Heap after GC invocations=130 (full 3):
 PSYoungGen      total 98304K, used 224K [0x00000000d5580000, 0x00000000dec80000, 0x0000000100000000)
  eden space 96768K, 0% used [0x00000000d5580000,0x00000000d5580000,0x00000000db400000)
  from space 1536K, 14% used [0x00000000dea00000,0x00000000dea38000,0x00000000deb80000)
  to   space 1024K, 0% used [0x00000000deb80000,0x00000000deb80000,0x00000000dec80000)
 ParOldGen       total 1195008K, used 65233K [0x0000000080000000, 0x00000000c8f00000, 0x00000000d5580000)
  object space 1195008K, 5% used [0x0000000080000000,0x0000000083fb4428,0x00000000c8f00000)
 Metaspace       used 71942K, committed 73472K, reserved 1114112K
  class space    used 8961K, committed 9664K, reserved 1048576K
}
Event: 67.797 GC heap before
{Heap before GC invocations=131 (full 3):
 PSYoungGen      total 98304K, used 96992K [0x00000000d5580000, 0x00000000dec80000, 0x0000000100000000)
  eden space 96768K, 100% used [0x00000000d5580000,0x00000000db400000,0x00000000db400000)
  from space 1536K, 14% used [0x00000000dea00000,0x00000000dea38000,0x00000000deb80000)
  to   space 1024K, 0% used [0x00000000deb80000,0x00000000deb80000,0x00000000dec80000)
 ParOldGen       total 1195008K, used 65233K [0x0000000080000000, 0x00000000c8f00000, 0x00000000d5580000)
  object space 1195008K, 5% used [0x0000000080000000,0x0000000083fb4428,0x00000000c8f00000)
 Metaspace       used 72141K, committed 73664K, reserved 1114112K
  class space    used 8962K, committed 9664K, reserved 1048576K
}
Event: 67.919 GC heap after
{Heap after GC invocations=131 (full 3):
 PSYoungGen      total 94208K, used 992K [0x00000000d5580000, 0x00000000dec80000, 0x0000000100000000)
  eden space 93184K, 0% used [0x00000000d5580000,0x00000000d5580000,0x00000000db080000)
  from space 1024K, 96% used [0x00000000deb80000,0x00000000dec78378,0x00000000dec80000)
  to   space 16896K, 0% used [0x00000000dcb80000,0x00000000dcb80000,0x00000000ddc00000)
 ParOldGen       total 1195008K, used 78337K [0x0000000080000000, 0x00000000c8f00000, 0x00000000d5580000)
  object space 1195008K, 6% used [0x0000000080000000,0x0000000084c80780,0x00000000c8f00000)
 Metaspace       used 72141K, committed 73664K, reserved 1114112K
  class space    used 8962K, committed 9664K, reserved 1048576K
}
Event: 80.130 GC heap before
{Heap before GC invocations=132 (full 3):
 PSYoungGen      total 94208K, used 94176K [0x00000000d5580000, 0x00000000dec80000, 0x0000000100000000)
  eden space 93184K, 100% used [0x00000000d5580000,0x00000000db080000,0x00000000db080000)
  from space 1024K, 96% used [0x00000000deb80000,0x00000000dec78378,0x00000000dec80000)
  to   space 16896K, 0% used [0x00000000dcb80000,0x00000000dcb80000,0x00000000ddc00000)
 ParOldGen       total 1195008K, used 78337K [0x0000000080000000, 0x00000000c8f00000, 0x00000000d5580000)
  object space 1195008K, 6% used [0x0000000080000000,0x0000000084c80780,0x00000000c8f00000)
 Metaspace       used 72363K, committed 73856K, reserved 1114112K
  class space    used 8982K, committed 9664K, reserved 1048576K
}
Event: 80.141 GC heap after
{Heap after GC invocations=132 (full 3):
 PSYoungGen      total 106496K, used 1229K [0x00000000d5580000, 0x00000000dec00000, 0x0000000100000000)
  eden space 89600K, 0% used [0x00000000d5580000,0x00000000d5580000,0x00000000dad00000)
  from space 16896K, 7% used [0x00000000dcb80000,0x00000000dccb3510,0x00000000ddc00000)
  to   space 6144K, 0% used [0x00000000de600000,0x00000000de600000,0x00000000dec00000)
 ParOldGen       total 1195008K, used 79298K [0x0000000080000000, 0x00000000c8f00000, 0x00000000d5580000)
  object space 1195008K, 6% used [0x0000000080000000,0x0000000084d70af8,0x00000000c8f00000)
 Metaspace       used 72363K, committed 73856K, reserved 1114112K
  class space    used 8982K, committed 9664K, reserved 1048576K
}

