# JRE version: OpenJDK Runtime Environment Temurin-21.0.8+9 (21.0.8+9) (build 21.0.8+9-LTS)
# Java VM: OpenJDK 64-Bit Server VM Temurin-21.0.8+9 (21.0.8+9-LTS, mixed mode, sharing, tiered, compressed oops, compressed class ptrs, parallel gc, windows-amd64)
GC Precious Log:
 CardTable entry size: 512
 CPUs: 8 total, 8 available
 Memory: 16118M
 Large Page Support: Disabled
 NUMA Support: Disabled
 Compressed Oops: Enabled (32-bit)
 Alignments: Space 512K, Generation 512K, Heap 2M
 Heap Min Capacity: 100M
 Heap Initial Capacity: 100M
 Heap Max Capacity: 2G
 Pre-touch: Disabled
 Parallel Workers: 8
Heap:
 PSYoungGen      total 4608K, used 3137K [0x00000000d5580000, 0x00000000d5a80000, 0x0000000100000000)
  eden space 3584K, 78% used [0x00000000d5580000,0x00000000d583c630,0x00000000d5900000)
  from space 1024K, 32% used [0x00000000d5900000,0x00000000d5954090,0x00000000d5a00000)
  to   space 512K, 0% used [0x00000000d5a00000,0x00000000d5a00000,0x00000000d5a80000)
 ParOldGen       total 464896K, used 296478K [0x0000000080000000, 0x000000009c600000, 0x00000000d5580000)
  object space 464896K, 63% used [0x0000000080000000,0x0000000092187a70,0x000000009c600000)
 Metaspace       used 60483K, committed 61952K, reserved 1114112K
  class space    used 6328K, committed 6976K, reserved 1048576K
GC Heap History (20 events):
Event: 65.513 GC heap before
{Heap before GC invocations=1081 (full 3):
 PSYoungGen      total 4608K, used 4594K [0x00000000d5580000, 0x00000000d5b80000, 0x0000000100000000)
  eden space 4096K, 100% used [0x00000000d5580000,0x00000000d5980000,0x00000000d5980000)
  from space 512K, 97% used [0x00000000d5a00000,0x00000000d5a7c8f8,0x00000000d5a80000)
  to   space 1024K, 0% used [0x00000000d5a80000,0x00000000d5a80000,0x00000000d5b80000)
 ParOldGen       total 464896K, used 294321K [0x0000000080000000, 0x000000009c600000, 0x00000000d5580000)
  object space 464896K, 63% used [0x0000000080000000,0x0000000091f6c7e8,0x000000009c600000)
 Metaspace       used 60417K, committed 61888K, reserved 1114112K
  class space    used 6324K, committed 6976K, reserved 1048576K
}
Event: 65.515 GC heap after
{Heap after GC invocations=1081 (full 3):
 PSYoungGen      total 4608K, used 1018K [0x00000000d5580000, 0x00000000d5c80000, 0x0000000100000000)
  eden space 3584K, 0% used [0x00000000d5580000,0x00000000d5580000,0x00000000d5900000)
  from space 1024K, 99% used [0x00000000d5a80000,0x00000000d5b7eb68,0x00000000d5b80000)
  to   space 1536K, 0% used [0x00000000d5900000,0x00000000d5900000,0x00000000d5a80000)
 ParOldGen       total 464896K, used 294700K [0x0000000080000000, 0x000000009c600000, 0x00000000d5580000)
  object space 464896K, 63% used [0x0000000080000000,0x0000000091fcb0e0,0x000000009c600000)
 Metaspace       used 60417K, committed 61888K, reserved 1114112K
  class space    used 6324K, committed 6976K, reserved 1048576K
}
Event: 65.580 GC heap before
{Heap before GC invocations=1082 (full 3):
 PSYoungGen      total 4608K, used 4602K [0x00000000d5580000, 0x00000000d5c80000, 0x0000000100000000)
  eden space 3584K, 100% used [0x00000000d5580000,0x00000000d5900000,0x00000000d5900000)
  from space 1024K, 99% used [0x00000000d5a80000,0x00000000d5b7eb68,0x00000000d5b80000)
  to   space 1536K, 0% used [0x00000000d5900000,0x00000000d5900000,0x00000000d5a80000)
 ParOldGen       total 464896K, used 294700K [0x0000000080000000, 0x000000009c600000, 0x00000000d5580000)
  object space 464896K, 63% used [0x0000000080000000,0x0000000091fcb0e0,0x000000009c600000)
 Metaspace       used 60428K, committed 61888K, reserved 1114112K
  class space    used 6326K, committed 6976K, reserved 1048576K
}
Event: 65.581 GC heap after
{Heap after GC invocations=1082 (full 3):
 PSYoungGen      total 4096K, used 256K [0x00000000d5580000, 0x00000000d5b00000, 0x0000000100000000)
  eden space 3584K, 0% used [0x00000000d5580000,0x00000000d5580000,0x00000000d5900000)
  from space 512K, 50% used [0x00000000d5900000,0x00000000d5940000,0x00000000d5980000)
  to   space 1024K, 0% used [0x00000000d5a00000,0x00000000d5a00000,0x00000000d5b00000)
 ParOldGen       total 464896K, used 295375K [0x0000000080000000, 0x000000009c600000, 0x00000000d5580000)
  object space 464896K, 63% used [0x0000000080000000,0x0000000092073c48,0x000000009c600000)
 Metaspace       used 60428K, committed 61888K, reserved 1114112K
  class space    used 6326K, committed 6976K, reserved 1048576K
}
Event: 65.692 GC heap before
{Heap before GC invocations=1083 (full 3):
 PSYoungGen      total 4096K, used 3840K [0x00000000d5580000, 0x00000000d5b00000, 0x0000000100000000)
  eden space 3584K, 100% used [0x00000000d5580000,0x00000000d5900000,0x00000000d5900000)
  from space 512K, 50% used [0x00000000d5900000,0x00000000d5940000,0x00000000d5980000)
  to   space 1024K, 0% used [0x00000000d5a00000,0x00000000d5a00000,0x00000000d5b00000)
 ParOldGen       total 464896K, used 295375K [0x0000000080000000, 0x000000009c600000, 0x00000000d5580000)
  object space 464896K, 63% used [0x0000000080000000,0x0000000092073c48,0x000000009c600000)
 Metaspace       used 60454K, committed 61952K, reserved 1114112K
  class space    used 6326K, committed 6976K, reserved 1048576K
}
Event: 65.694 GC heap after
{Heap after GC invocations=1083 (full 3):
 PSYoungGen      total 4096K, used 352K [0x00000000d5580000, 0x00000000d5a80000, 0x0000000100000000)
  eden space 3584K, 0% used [0x00000000d5580000,0x00000000d5580000,0x00000000d5900000)
  from space 512K, 68% used [0x00000000d5a00000,0x00000000d5a58000,0x00000000d5a80000)
  to   space 512K, 0% used [0x00000000d5900000,0x00000000d5900000,0x00000000d5980000)
 ParOldGen       total 464896K, used 295479K [0x0000000080000000, 0x000000009c600000, 0x00000000d5580000)
  object space 464896K, 63% used [0x0000000080000000,0x000000009208dc48,0x000000009c600000)
 Metaspace       used 60454K, committed 61952K, reserved 1114112K
  class space    used 6326K, committed 6976K, reserved 1048576K
}
Event: 65.753 GC heap before
{Heap before GC invocations=1084 (full 3):
 PSYoungGen      total 4096K, used 3936K [0x00000000d5580000, 0x00000000d5a80000, 0x0000000100000000)
  eden space 3584K, 100% used [0x00000000d5580000,0x00000000d5900000,0x00000000d5900000)
  from space 512K, 68% used [0x00000000d5a00000,0x00000000d5a58000,0x00000000d5a80000)
  to   space 512K, 0% used [0x00000000d5900000,0x00000000d5900000,0x00000000d5980000)
 ParOldGen       total 464896K, used 295479K [0x0000000080000000, 0x000000009c600000, 0x00000000d5580000)
  object space 464896K, 63% used [0x0000000080000000,0x000000009208dc48,0x000000009c600000)
 Metaspace       used 60454K, committed 61952K, reserved 1114112K
  class space    used 6326K, committed 6976K, reserved 1048576K
}
Event: 65.754 GC heap after
{Heap after GC invocations=1084 (full 3):
 PSYoungGen      total 4096K, used 256K [0x00000000d5580000, 0x00000000d5a80000, 0x0000000100000000)
  eden space 3584K, 0% used [0x00000000d5580000,0x00000000d5580000,0x00000000d5900000)
  from space 512K, 50% used [0x00000000d5900000,0x00000000d5940000,0x00000000d5980000)
  to   space 512K, 0% used [0x00000000d5a00000,0x00000000d5a00000,0x00000000d5a80000)
 ParOldGen       total 464896K, used 295619K [0x0000000080000000, 0x000000009c600000, 0x00000000d5580000)
  object space 464896K, 63% used [0x0000000080000000,0x00000000920b0ff8,0x000000009c600000)
 Metaspace       used 60454K, committed 61952K, reserved 1114112K
  class space    used 6326K, committed 6976K, reserved 1048576K
}
Event: 65.844 GC heap before
{Heap before GC invocations=1085 (full 3):
 PSYoungGen      total 4096K, used 3840K [0x00000000d5580000, 0x00000000d5a80000, 0x0000000100000000)
  eden space 3584K, 100% used [0x00000000d5580000,0x00000000d5900000,0x00000000d5900000)
  from space 512K, 50% used [0x00000000d5900000,0x00000000d5940000,0x00000000d5980000)
  to   space 512K, 0% used [0x00000000d5a00000,0x00000000d5a00000,0x00000000d5a80000)
 ParOldGen       total 464896K, used 295619K [0x0000000080000000, 0x000000009c600000, 0x00000000d5580000)
  object space 464896K, 63% used [0x0000000080000000,0x00000000920b0ff8,0x000000009c600000)
 Metaspace       used 60456K, committed 61952K, reserved 1114112K
  class space    used 6326K, committed 6976K, reserved 1048576K
}
Event: 65.845 GC heap after
{Heap after GC invocations=1085 (full 3):
 PSYoungGen      total 4096K, used 291K [0x00000000d5580000, 0x00000000d5a80000, 0x0000000100000000)
  eden space 3584K, 0% used [0x00000000d5580000,0x00000000d5580000,0x00000000d5900000)
  from space 512K, 56% used [0x00000000d5a00000,0x00000000d5a48c28,0x00000000d5a80000)
  to   space 512K, 0% used [0x00000000d5900000,0x00000000d5900000,0x00000000d5980000)
 ParOldGen       total 464896K, used 295720K [0x0000000080000000, 0x000000009c600000, 0x00000000d5580000)
  object space 464896K, 63% used [0x0000000080000000,0x00000000920ca360,0x000000009c600000)
 Metaspace       used 60456K, committed 61952K, reserved 1114112K
  class space    used 6326K, committed 6976K, reserved 1048576K
}
Event: 65.950 GC heap before
{Heap before GC invocations=1086 (full 3):
 PSYoungGen      total 4096K, used 3875K [0x00000000d5580000, 0x00000000d5a80000, 0x0000000100000000)
  eden space 3584K, 100% used [0x00000000d5580000,0x00000000d5900000,0x00000000d5900000)
  from space 512K, 56% used [0x00000000d5a00000,0x00000000d5a48c28,0x00000000d5a80000)
  to   space 512K, 0% used [0x00000000d5900000,0x00000000d5900000,0x00000000d5980000)
 ParOldGen       total 464896K, used 295720K [0x0000000080000000, 0x000000009c600000, 0x00000000d5580000)
  object space 464896K, 63% used [0x0000000080000000,0x00000000920ca360,0x000000009c600000)
 Metaspace       used 60458K, committed 61952K, reserved 1114112K
  class space    used 6326K, committed 6976K, reserved 1048576K
}
Event: 65.951 GC heap after
{Heap after GC invocations=1086 (full 3):
 PSYoungGen      total 4096K, used 352K [0x00000000d5580000, 0x00000000d5a80000, 0x0000000100000000)
  eden space 3584K, 0% used [0x00000000d5580000,0x00000000d5580000,0x00000000d5900000)
  from space 512K, 68% used [0x00000000d5900000,0x00000000d5958000,0x00000000d5980000)
  to   space 512K, 0% used [0x00000000d5a00000,0x00000000d5a00000,0x00000000d5a80000)
 ParOldGen       total 464896K, used 295859K [0x0000000080000000, 0x000000009c600000, 0x00000000d5580000)
  object space 464896K, 63% used [0x0000000080000000,0x00000000920ecf88,0x000000009c600000)
 Metaspace       used 60458K, committed 61952K, reserved 1114112K
  class space    used 6326K, committed 6976K, reserved 1048576K
}
Event: 66.059 GC heap before
{Heap before GC invocations=1087 (full 3):
 PSYoungGen      total 4096K, used 3936K [0x00000000d5580000, 0x00000000d5a80000, 0x0000000100000000)
  eden space 3584K, 100% used [0x00000000d5580000,0x00000000d5900000,0x00000000d5900000)
  from space 512K, 68% used [0x00000000d5900000,0x00000000d5958000,0x00000000d5980000)
  to   space 512K, 0% used [0x00000000d5a00000,0x00000000d5a00000,0x00000000d5a80000)
 ParOldGen       total 464896K, used 295859K [0x0000000080000000, 0x000000009c600000, 0x00000000d5580000)
  object space 464896K, 63% used [0x0000000080000000,0x00000000920ecf88,0x000000009c600000)
 Metaspace       used 60458K, committed 61952K, reserved 1114112K
  class space    used 6326K, committed 6976K, reserved 1048576K
}
Event: 66.061 GC heap after
{Heap after GC invocations=1087 (full 3):
 PSYoungGen      total 4096K, used 448K [0x00000000d5580000, 0x00000000d5a80000, 0x0000000100000000)
  eden space 3584K, 0% used [0x00000000d5580000,0x00000000d5580000,0x00000000d5900000)
  from space 512K, 87% used [0x00000000d5a00000,0x00000000d5a70000,0x00000000d5a80000)
  to   space 512K, 0% used [0x00000000d5900000,0x00000000d5900000,0x00000000d5980000)
 ParOldGen       total 464896K, used 296004K [0x0000000080000000, 0x000000009c600000, 0x00000000d5580000)
  object space 464896K, 63% used [0x0000000080000000,0x0000000092111398,0x000000009c600000)
 Metaspace       used 60458K, committed 61952K, reserved 1114112K
  class space    used 6326K, committed 6976K, reserved 1048576K
}
Event: 66.175 GC heap before
{Heap before GC invocations=1088 (full 3):
 PSYoungGen      total 4096K, used 4032K [0x00000000d5580000, 0x00000000d5a80000, 0x0000000100000000)
  eden space 3584K, 100% used [0x00000000d5580000,0x00000000d5900000,0x00000000d5900000)
  from space 512K, 87% used [0x00000000d5a00000,0x00000000d5a70000,0x00000000d5a80000)
  to   space 512K, 0% used [0x00000000d5900000,0x00000000d5900000,0x00000000d5980000)
 ParOldGen       total 464896K, used 296004K [0x0000000080000000, 0x000000009c600000, 0x00000000d5580000)
  object space 464896K, 63% used [0x0000000080000000,0x0000000092111398,0x000000009c600000)
 Metaspace       used 60458K, committed 61952K, reserved 1114112K
  class space    used 6326K, committed 6976K, reserved 1048576K
}
Event: 66.176 GC heap after
{Heap after GC invocations=1088 (full 3):
 PSYoungGen      total 4096K, used 384K [0x00000000d5580000, 0x00000000d5a80000, 0x0000000100000000)
  eden space 3584K, 0% used [0x00000000d5580000,0x00000000d5580000,0x00000000d5900000)
  from space 512K, 75% used [0x00000000d5900000,0x00000000d5960000,0x00000000d5980000)
  to   space 512K, 0% used [0x00000000d5a00000,0x00000000d5a00000,0x00000000d5a80000)
 ParOldGen       total 464896K, used 296149K [0x0000000080000000, 0x000000009c600000, 0x00000000d5580000)
  object space 464896K, 63% used [0x0000000080000000,0x00000000921356a8,0x000000009c600000)
 Metaspace       used 60458K, committed 61952K, reserved 1114112K
  class space    used 6326K, committed 6976K, reserved 1048576K
}
Event: 66.281 GC heap before
{Heap before GC invocations=1089 (full 3):
 PSYoungGen      total 4096K, used 3968K [0x00000000d5580000, 0x00000000d5a80000, 0x0000000100000000)
  eden space 3584K, 100% used [0x00000000d5580000,0x00000000d5900000,0x00000000d5900000)
  from space 512K, 75% used [0x00000000d5900000,0x00000000d5960000,0x00000000d5980000)
  to   space 512K, 0% used [0x00000000d5a00000,0x00000000d5a00000,0x00000000d5a80000)
 ParOldGen       total 464896K, used 296149K [0x0000000080000000, 0x000000009c600000, 0x00000000d5580000)
  object space 464896K, 63% used [0x0000000080000000,0x00000000921356a8,0x000000009c600000)
 Metaspace       used 60461K, committed 61952K, reserved 1114112K
  class space    used 6326K, committed 6976K, reserved 1048576K
}
Event: 66.282 GC heap after
{Heap after GC invocations=1089 (full 3):
 PSYoungGen      total 4096K, used 496K [0x00000000d5580000, 0x00000000d5b00000, 0x0000000100000000)
  eden space 3584K, 0% used [0x00000000d5580000,0x00000000d5580000,0x00000000d5900000)
  from space 512K, 96% used [0x00000000d5a00000,0x00000000d5a7c0c0,0x00000000d5a80000)
  to   space 1024K, 0% used [0x00000000d5900000,0x00000000d5900000,0x00000000d5a00000)
 ParOldGen       total 464896K, used 296311K [0x0000000080000000, 0x000000009c600000, 0x00000000d5580000)
  object space 464896K, 63% used [0x0000000080000000,0x000000009215dce8,0x000000009c600000)
 Metaspace       used 60461K, committed 61952K, reserved 1114112K
  class space    used 6326K, committed 6976K, reserved 1048576K
}
Event: 66.415 GC heap before
{Heap before GC invocations=1090 (full 3):
 PSYoungGen      total 4096K, used 4080K [0x00000000d5580000, 0x00000000d5b00000, 0x0000000100000000)
  eden space 3584K, 100% used [0x00000000d5580000,0x00000000d5900000,0x00000000d5900000)
  from space 512K, 96% used [0x00000000d5a00000,0x00000000d5a7c0c0,0x00000000d5a80000)
  to   space 1024K, 0% used [0x00000000d5900000,0x00000000d5900000,0x00000000d5a00000)
 ParOldGen       total 464896K, used 296311K [0x0000000080000000, 0x000000009c600000, 0x00000000d5580000)
  object space 464896K, 63% used [0x0000000080000000,0x000000009215dce8,0x000000009c600000)
 Metaspace       used 60461K, committed 61952K, reserved 1114112K
  class space    used 6326K, committed 6976K, reserved 1048576K
}
Event: 66.416 GC heap after
{Heap after GC invocations=1090 (full 3):
 PSYoungGen      total 4608K, used 336K [0x00000000d5580000, 0x00000000d5a80000, 0x0000000100000000)
  eden space 3584K, 0% used [0x00000000d5580000,0x00000000d5580000,0x00000000d5900000)
  from space 1024K, 32% used [0x00000000d5900000,0x00000000d5954090,0x00000000d5a00000)
  to   space 512K, 0% used [0x00000000d5a00000,0x00000000d5a00000,0x00000000d5a80000)
 ParOldGen       total 464896K, used 296478K [0x0000000080000000, 0x000000009c600000, 0x00000000d5580000)
  object space 464896K, 63% used [0x0000000080000000,0x0000000092187a70,0x000000009c600000)
 Metaspace       used 60461K, committed 61952K, reserved 1114112K
  class space    used 6326K, committed 6976K, reserved 1048576K
}

